<?xml version="1.0" encoding="UTF-8"?>
<testsuite name="ohtu.verkkokauppa.KauppaTest" tests="6" skipped="0" failures="0" errors="0" timestamp="2019-11-21T16:58:02" hostname="markus-HP-EliteBook-820-G3" time="1.339">
  <properties/>
  <testcase name="aloitaAsiointiNollaaEdellisenOstoksen" classname="ohtu.verkkokauppa.KauppaTest" time="1.286"/>
  <testcase name="ostoksenPaaytyttyaPankinMetodiaTilisiirtoKutsutaan" classname="ohtu.verkkokauppa.KauppaTest" time="0.008"/>
  <testcase name="tuotteenPoistaminen" classname="ohtu.verkkokauppa.KauppaTest" time="0.01"/>
  <testcase name="ostetaanKaksiEriTuotetta" classname="ohtu.verkkokauppa.KauppaTest" time="0.006"/>
  <testcase name="ostetaanKaksiSamaaTuotetta" classname="ohtu.verkkokauppa.KauppaTest" time="0.01"/>
  <testcase name="ostetaanKaksiEriTuotettaJaYksiOnLoppu" classname="ohtu.verkkokauppa.KauppaTest" time="0.004"/>
  <system-out><![CDATA[]]></system-out>
  <system-err><![CDATA[]]></system-err>
</testsuite>
